<?xml version="1.0" encoding="UTF-8" ?>
<testsuite failures="0" time="18.92" errors="0" skipped="9" tests="117" name="uk.ac.manchester.cs.snee.compiler.translator.TranslatorTest">
  <properties>
    <property name="java.runtime.name" value="Java(TM) SE Runtime Environment"/>
    <property name="sun.boot.library.path" value="/usr/lib/jvm/java-6-sun-1.6.0.24/jre/lib/i386"/>
    <property name="java.vm.version" value="19.1-b02"/>
    <property name="java.vm.vendor" value="Sun Microsystems Inc."/>
    <property name="java.vendor.url" value="http://java.sun.com/"/>
    <property name="path.separator" value=":"/>
    <property name="java.vm.name" value="Java HotSpot(TM) Server VM"/>
    <property name="file.encoding.pkg" value="sun.io"/>
    <property name="user.country" value="US"/>
    <property name="sun.java.launcher" value="SUN_STANDARD"/>
    <property name="sun.os.patch.level" value="unknown"/>
    <property name="java.vm.specification.name" value="Java Virtual Machine Specification"/>
    <property name="user.dir" value="/home/lebiathan/Programming/galileo/workspace-ssg4e/snee-a/SNEE/compiler"/>
    <property name="java.runtime.version" value="1.6.0_24-b07"/>
    <property name="java.awt.graphicsenv" value="sun.awt.X11GraphicsEnvironment"/>
    <property name="basedir" value="/home/lebiathan/Programming/galileo/workspace-ssg4e/snee-a/SNEE/compiler"/>
    <property name="java.endorsed.dirs" value="/usr/lib/jvm/java-6-sun-1.6.0.24/jre/lib/endorsed"/>
    <property name="os.arch" value="i386"/>
    <property name="java.io.tmpdir" value="/tmp"/>
    <property name="line.separator" value="
"/>
    <property name="java.vm.specification.vendor" value="Sun Microsystems Inc."/>
    <property name="os.name" value="Linux"/>
    <property name="sun.jnu.encoding" value="UTF-8"/>
    <property name="java.library.path" value="/usr/lib/jvm/java-6-sun-1.6.0.24/jre/lib/i386/server:/usr/lib/jvm/java-6-sun-1.6.0.24/jre/lib/i386:/usr/lib/jvm/java-6-sun-1.6.0.24/jre/../lib/i386:/usr/lib/jvm/java-6-sun-1.6.0.24/jre/lib/i386/client:/usr/lib/jvm/java-6-sun-1.6.0.24/jre/lib/i386:/usr/lib/xulrunner-addons:/usr/lib/xulrunner-addons:/usr/lib/xulrunner-addons:/usr/lib/xulrunner-addons:/usr/java/packages/lib/i386:/lib:/usr/lib"/>
    <property name="java.specification.name" value="Java Platform API Specification"/>
    <property name="java.class.version" value="50.0"/>
    <property name="sun.management.compiler" value="HotSpot Tiered Compilers"/>
    <property name="os.version" value="2.6.35-30-generic"/>
    <property name="user.home" value="/home/lebiathan"/>
    <property name="user.timezone" value="Europe/Athens"/>
    <property name="java.awt.printerjob" value="sun.print.PSPrinterJob"/>
    <property name="file.encoding" value="UTF-8"/>
    <property name="java.specification.version" value="1.6"/>
    <property name="user.name" value="lebiathan"/>
    <property name="java.class.path" value="/home/lebiathan/.m2/repository/org/apache/maven/surefire/surefire-booter/2.3/surefire-booter-2.3.jar:/home/lebiathan/.m2/repository/org/apache/maven/surefire/surefire-api/2.3/surefire-api-2.3.jar:/home/lebiathan/.m2/repository/org/codehaus/plexus/plexus-utils/1.1/plexus-utils-1.1.jar:/home/lebiathan/.m2/repository/commons-lang/commons-lang/2.1/commons-lang-2.1.jar:/home/lebiathan/.m2/repository/org/codehaus/plexus/plexus-archiver/1.0-alpha-7/plexus-archiver-1.0-alpha-7.jar:/home/lebiathan/.m2/repository/org/codehaus/plexus/plexus-container-default/1.0-alpha-8/plexus-container-default-1.0-alpha-8.jar:/home/lebiathan/.m2/repository/junit/junit/3.8.1/junit-3.8.1.jar:/home/lebiathan/.m2/repository/classworlds/classworlds/1.1-alpha-2/classworlds-1.1-alpha-2.jar"/>
    <property name="java.vm.specification.version" value="1.0"/>
    <property name="sun.arch.data.model" value="32"/>
    <property name="java.home" value="/usr/lib/jvm/java-6-sun-1.6.0.24/jre"/>
    <property name="java.specification.vendor" value="Sun Microsystems Inc."/>
    <property name="user.language" value="en"/>
    <property name="java.vm.info" value="mixed mode"/>
    <property name="java.version" value="1.6.0_24"/>
    <property name="java.ext.dirs" value="/usr/lib/jvm/java-6-sun-1.6.0.24/jre/lib/ext:/usr/java/packages/lib/ext"/>
    <property name="sun.boot.class.path" value="/usr/lib/jvm/java-6-sun-1.6.0.24/jre/lib/resources.jar:/usr/lib/jvm/java-6-sun-1.6.0.24/jre/lib/rt.jar:/usr/lib/jvm/java-6-sun-1.6.0.24/jre/lib/sunrsasign.jar:/usr/lib/jvm/java-6-sun-1.6.0.24/jre/lib/jsse.jar:/usr/lib/jvm/java-6-sun-1.6.0.24/jre/lib/jce.jar:/usr/lib/jvm/java-6-sun-1.6.0.24/jre/lib/charsets.jar:/usr/lib/jvm/java-6-sun-1.6.0.24/jre/lib/modules/jdk.boot.jar:/usr/lib/jvm/java-6-sun-1.6.0.24/jre/classes"/>
    <property name="java.vendor" value="Sun Microsystems Inc."/>
    <property name="localRepository" value="/home/lebiathan/.m2/repository"/>
    <property name="file.separator" value="/"/>
    <property name="java.vendor.url.bug" value="http://java.sun.com/cgi-bin/bugreport.cgi"/>
    <property name="sun.cpu.endian" value="little"/>
    <property name="sun.io.unicode.encoding" value="UnicodeLittle"/>
    <property name="sun.desktop" value="gnome"/>
    <property name="sun.cpu.isalist" value=""/>
  </properties>
  <testcase time="0.423" name="testRubbish"/>
  <testcase time="0.482" name="testGibberish"/>
  <testcase time="0.344" name="testSimpleQuery_pushStream"/>
  <testcase time="0.399" name="testSimpleQuery_pullStream"/>
  <testcase time="0.208" name="testSimpleQuery_table"/>
  <testcase time="0.217" name="testSimpleQuery_tableScan"/>
  <testcase time="0.222" name="testSimpleQuery_tableRescan"/>
  <testcase time="0.263" name="testSimpleQuery_tableRescanAlias"/>
  <testcase time="0.328" name="testSimpleQuery_paren"/>
  <testcase time="0.191" name="testSimpleProject"/>
  <testcase time="0.241" name="testSimpleProject_math"/>
  <testcase time="0.218" name="testProject_attrStar"/>
  <testcase time="0.155" name="testProject_starAttr"/>
  <testcase time="0.151" name="testProject_starRename"/>
  <testcase time="0.162" name="testSimpleProject_paren"/>
  <testcase time="0.17" name="testRename"/>
  <testcase time="0.173" name="testProjectConstant_stringConstant"/>
  <testcase time="0.238" name="testProjectConstant_stringConstantRename"/>
  <testcase time="0.173" name="testProjectConstant_int"/>
  <testcase time="0.145" name="testProjectConstant_intMath"/>
  <testcase time="0.167" name="testProjectConstant_intRename"/>
  <testcase time="0.159" name="testProjectConstant_intMathRename"/>
  <testcase time="0.147" name="testProjectConstant_float"/>
  <testcase time="0.166" name="testProjectConstant_floatRename"/>
  <testcase time="0.159" name="testProjectConstant_constantStar"/>
  <testcase time="0.151" name="testProjectConstant_stringConstantAttr"/>
  <testcase time="0.138" name="testProjectConstant_stringConstantRenameAttr"/>
  <testcase time="0.144" name="testProjectConstant_intAttr"/>
  <testcase time="0.139" name="testProjectConstant_intRenameAttr"/>
  <testcase time="0.162" name="testSimpleSelect_integer"/>
  <testcase time="0.195" name="testSimpleSelect_string"/>
  <testcase time="0.182" name="testSimpleSelect_attrComparison"/>
  <testcase time="0.146" name="testRowWindow"/>
  <testcase time="0.152" name="testRowWindow_toNow"/>
  <testcase time="0.169" name="testNowWindow"/>
  <testcase time="0.143" name="testNowSlideWindow"/>
  <testcase time="0.171" name="testTimeWindow"/>
  <testcase time="0.165" name="testNowEquiJoin"/>
  <testcase time="0.144" name="testTimeEquiJoin"/>
  <testcase time="0.147" name="testJoinQueryRename"/>
  <testcase time="0.15" name="testMultiJoin"/>
  <testcase time="0.139" name="testJoinStreamRelation"/>
  <testcase time="0.14" name="testJoinWindowRelation"/>
  <testcase time="0.139" name="testJoinWindowWindowRelation"/>
  <testcase time="0.14" name="testJoinRelationRelation"/>
  <testcase time="0.139" name="testSimpleRstreamSelectNOW"/>
  <testcase time="0.142" name="testSimpleSelectRstreamNOW"/>
  <testcase time="0.131" name="testUnionQuery_withoutParen"/>
  <testcase time="0.139" name="testUnionQuery_paren"/>
  <testcase time="0.149" name="testUnionQuery_Union3Query"/>
  <testcase time="0.159" name="testUnionQuery_Union4Query"/>
  <testcase time="0.178" name="testUnionQuery_windows"/>
  <testcase time="0.164" name="testUnionQuery_streamWindow"/>
  <testcase time="0.128" name="testUnionQuery_diffAttrSameType"/>
  <testcase time="0.126" name="testUnionQuery_diffAttrDiffType"/>
  <testcase time="0.124" name="testUnionQuery_diffNumAttr"/>
  <testcase time="0.127" name="testQuery_windowOnNestedQuery"/>
  <testcase time="0.131" name="testSubQuery_WindowClause"/>
  <testcase time="0.132" name="testQuery_SimpleRenaming"/>
  <testcase time="0.128" name="testQuery_SimpleRenamingParen"/>
  <testcase time="0.129" name="testQuery_SimpleRenamingWindow"/>
  <testcase time="0.129" name="testUnionQuery_problematicFromClause"/>
  <testcase time="0.151" name="testQuery_TwoColumns_Paren"/>
  <testcase time="0.123" name="testNamedExtentQuery_DuplicateAttributes"/>
  <testcase time="0.125" name="testNamedExtentQuery_UnnamedAttribute"/>
  <testcase time="0.125" name="testNamedExtentQuery_AliasingUnnamedDuplicateAttributes"/>
  <testcase time="0.122" name="testUnnamedExtentQuery_NamedAttribute"/>
  <testcase time="0.122" name="testUnnamedExtentQuery_NamedAttribute_Paren"/>
  <testcase time="0.134" name="testUnnamedExtentQuery_NamedAttribute_Window"/>
  <testcase time="0.124" name="testUnnamedExtentQuery_NamedAttribute_TwoColumns"/>
  <testcase time="0.124" name="testNamedExtentQuery_NamedAttribute"/>
  <testcase time="0.131" name="testNamedExtentQuery_NamedAttribute_TwoColumns"/>
  <testcase time="0.146" name="testNamedExtentQuery_NamedAttribute_AliasingDuplicateColumns"/>
  <testcase time="0.244" name="testUnnamedSubQuery"/>
  <testcase time="0.35" name="testUnnamedSubQuery_Paren"/>
  <testcase time="0.356" name="testUnnamedSubQuery_WindowAndNameInNestedQuery"/>
  <testcase time="0.37" name="testUnnamedSubQuery_TwoColumnsInNestedQuery"/>
  <testcase time="0.288" name="testNamedSubQuery_FetchAll_ProjectSingle_NameExternalAttribute"/>
  <testcase time="0.299" name="testNamedSubQuery_FetchSingle_NameExternalAttribute"/>
  <testcase time="0.291" name="testWindowedNamedSubQuery_FetchSingle_NameExternalAttribute"/>
  <testcase time="0.289" name="testSubQuery_WindowAndNameInNested_FetchSingle_NameExternalAttribute"/>
  <testcase time="0.178" name="testSubQuery_FetchTwoColumns_NameExternalAttribute"/>
  <testcase time="0.125" name="testSubQuery_InternalExternalNames_RenameOnExternal_FetchAll"/>
  <testcase time="0.177" name="testSubQuery_InternalExternalNames_RenameOnExternal_FetchSingle"/>
  <testcase time="0.123" name="testSubQuery_InternalExternalNames_RenameOnExternal_FetchWindowed"/>
  <testcase time="0.127" name="testSubQuery_InternalExternalSameNames"/>
  <testcase time="0.12" name="testAliasing_SingleAttribute_UnnamedExtents"/>
  <testcase time="0.12" name="testAliasing_TwoAttributes_UnnamedExtents"/>
  <testcase time="0.124" name="testAliasingInNestedQuery_NamedExtents_WithWindow"/>
  <testcase time="0.119" name="testAliasing_NamedExtent_UnnamedAttribute"/>
  <testcase time="0.128" name="testAliasingInSubquery_UnnamedExternalAttribute_NamedInternalAttribute"/>
  <testcase time="0.12" name="testAliasing_ReferencedAttributes"/>
  <testcase time="0.121" name="testAliasing_ReferencedAttributes_SubQuery"/>
  <testcase time="0.155" name="testNestedQuery_UnreferencedNestedQuery"/>
  <testcase time="0.142" name="testNestedQuery_UnreferencedNestedQuery_FetchAll"/>
  <testcase time="0.123" name="testNestedQuery_MistakenAliasingFromInternal"/>
  <testcase time="0.119" name="testNestedQuery_WrongAliasing_FetchAll"/>
  <testcase time="0.119" name="testNestedQuery_CorrectAliasingInNestedQuery"/>
  <testcase time="0.123" name="testNestedQuery_InternalExternalAliasing"/>
  <testcase time="0.121" name="testNestedQuery_ExternalAliasingOnFetchAll"/>
  <testcase time="0.219" name="testNestedQuery_WrongExternalAliasingOnFetchAll"/>
  <testcase time="0.264" name="testNestedQuery_ChangeFetchSequence_WithAliasing"/>
  <testcase time="0.191" name="testNestedQuery_WindowedNestinng"/>
  <testcase time="0.161" name="testNestedQuery_DoubleExternalAliasing_SameAttribute"/>
  <testcase time="0.135" name="testNestedQuery_StrangeRenaming_WindowOnInternal"/>
  <testcase time="0.144" name="testNestedJoin_WithAliasing"/>
  <testcase time="0.12" name="testQuery_MultipleNestedLevels"/>
  <testcase time="0.116" name="testRefactorLRF"/>
</testsuite>