<?xml version="1.0" encoding="UTF-8" ?>
<testsuite failures="0" time="0.356" errors="0" skipped="1" tests="70" name="uk.ac.manchester.cs.snee.ResultStoreImplTest">
  <properties>
    <property name="java.runtime.name" value="Java(TM) SE Runtime Environment"/>
    <property name="sun.boot.library.path" value="/usr/lib/jvm/java-6-sun-1.6.0.24/jre/lib/i386"/>
    <property name="java.vm.version" value="19.1-b02"/>
    <property name="java.vm.vendor" value="Sun Microsystems Inc."/>
    <property name="java.vendor.url" value="http://java.sun.com/"/>
    <property name="path.separator" value=":"/>
    <property name="java.vm.name" value="Java HotSpot(TM) Server VM"/>
    <property name="file.encoding.pkg" value="sun.io"/>
    <property name="user.country" value="US"/>
    <property name="sun.java.launcher" value="SUN_STANDARD"/>
    <property name="sun.os.patch.level" value="unknown"/>
    <property name="java.vm.specification.name" value="Java Virtual Machine Specification"/>
    <property name="user.dir" value="/home/lebiathan/Programming/galileo/workspace-ssg4e/snee-a/SNEE/snee-core"/>
    <property name="java.runtime.version" value="1.6.0_24-b07"/>
    <property name="java.awt.graphicsenv" value="sun.awt.X11GraphicsEnvironment"/>
    <property name="basedir" value="/home/lebiathan/Programming/galileo/workspace-ssg4e/snee-a/SNEE/snee-core"/>
    <property name="java.endorsed.dirs" value="/usr/lib/jvm/java-6-sun-1.6.0.24/jre/lib/endorsed"/>
    <property name="os.arch" value="i386"/>
    <property name="java.io.tmpdir" value="/tmp"/>
    <property name="line.separator" value="
"/>
    <property name="java.vm.specification.vendor" value="Sun Microsystems Inc."/>
    <property name="os.name" value="Linux"/>
    <property name="sun.jnu.encoding" value="UTF-8"/>
    <property name="java.library.path" value="/usr/lib/jvm/java-6-sun-1.6.0.24/jre/lib/i386/server:/usr/lib/jvm/java-6-sun-1.6.0.24/jre/lib/i386:/usr/lib/jvm/java-6-sun-1.6.0.24/jre/../lib/i386:/usr/lib/jvm/java-6-sun-1.6.0.24/jre/lib/i386/client:/usr/lib/jvm/java-6-sun-1.6.0.24/jre/lib/i386:/usr/lib/xulrunner-addons:/usr/lib/xulrunner-addons:/usr/lib/xulrunner-addons:/usr/lib/xulrunner-addons:/usr/java/packages/lib/i386:/lib:/usr/lib"/>
    <property name="java.specification.name" value="Java Platform API Specification"/>
    <property name="java.class.version" value="50.0"/>
    <property name="sun.management.compiler" value="HotSpot Tiered Compilers"/>
    <property name="os.version" value="2.6.35-30-generic"/>
    <property name="user.home" value="/home/lebiathan"/>
    <property name="user.timezone" value="Europe/Athens"/>
    <property name="java.awt.printerjob" value="sun.print.PSPrinterJob"/>
    <property name="file.encoding" value="UTF-8"/>
    <property name="java.specification.version" value="1.6"/>
    <property name="user.name" value="lebiathan"/>
    <property name="java.class.path" value="/home/lebiathan/.m2/repository/org/apache/maven/surefire/surefire-booter/2.3/surefire-booter-2.3.jar:/home/lebiathan/.m2/repository/org/apache/maven/surefire/surefire-api/2.3/surefire-api-2.3.jar:/home/lebiathan/.m2/repository/org/codehaus/plexus/plexus-utils/1.1/plexus-utils-1.1.jar:/home/lebiathan/.m2/repository/commons-lang/commons-lang/2.1/commons-lang-2.1.jar:/home/lebiathan/.m2/repository/org/codehaus/plexus/plexus-archiver/1.0-alpha-7/plexus-archiver-1.0-alpha-7.jar:/home/lebiathan/.m2/repository/org/codehaus/plexus/plexus-container-default/1.0-alpha-8/plexus-container-default-1.0-alpha-8.jar:/home/lebiathan/.m2/repository/junit/junit/3.8.1/junit-3.8.1.jar:/home/lebiathan/.m2/repository/classworlds/classworlds/1.1-alpha-2/classworlds-1.1-alpha-2.jar"/>
    <property name="java.vm.specification.version" value="1.0"/>
    <property name="sun.arch.data.model" value="32"/>
    <property name="java.home" value="/usr/lib/jvm/java-6-sun-1.6.0.24/jre"/>
    <property name="java.specification.vendor" value="Sun Microsystems Inc."/>
    <property name="user.language" value="en"/>
    <property name="java.vm.info" value="mixed mode"/>
    <property name="java.version" value="1.6.0_24"/>
    <property name="java.ext.dirs" value="/usr/lib/jvm/java-6-sun-1.6.0.24/jre/lib/ext:/usr/java/packages/lib/ext"/>
    <property name="sun.boot.class.path" value="/usr/lib/jvm/java-6-sun-1.6.0.24/jre/lib/resources.jar:/usr/lib/jvm/java-6-sun-1.6.0.24/jre/lib/rt.jar:/usr/lib/jvm/java-6-sun-1.6.0.24/jre/lib/sunrsasign.jar:/usr/lib/jvm/java-6-sun-1.6.0.24/jre/lib/jsse.jar:/usr/lib/jvm/java-6-sun-1.6.0.24/jre/lib/jce.jar:/usr/lib/jvm/java-6-sun-1.6.0.24/jre/lib/charsets.jar:/usr/lib/jvm/java-6-sun-1.6.0.24/jre/lib/modules/jdk.boot.jar:/usr/lib/jvm/java-6-sun-1.6.0.24/jre/classes"/>
    <property name="java.vendor" value="Sun Microsystems Inc."/>
    <property name="localRepository" value="/home/lebiathan/.m2/repository"/>
    <property name="file.separator" value="/"/>
    <property name="java.vendor.url.bug" value="http://java.sun.com/cgi-bin/bugreport.cgi"/>
    <property name="sun.cpu.endian" value="little"/>
    <property name="sun.io.unicode.encoding" value="UnicodeLittle"/>
    <property name="sun.desktop" value="gnome"/>
    <property name="sun.cpu.isalist" value=""/>
  </properties>
  <testcase time="0.093" name="testSize"/>
  <testcase time="0.002" name="testGetCommand"/>
  <testcase time="0.007" name="testGetMetaData"/>
  <testcase time="0.012" name="testGetResults_streamTuples"/>
  <testcase time="0.014" name="testGetResults_streamWindows"/>
  <testcase time="0.002" name="testGetResults_invalidCount"/>
  <testcase time="0.002" name="testGetResults_zeroCount"/>
  <testcase time="0.002" name="testGetResults_negativeCount"/>
  <testcase time="0.003" name="testGetResults_countTupleStream"/>
  <testcase time="0.003" name="testGetResults_countWindowStream"/>
  <testcase time="0.004" name="testGetResults_zeroDuration"/>
  <testcase time="0.002" name="testGetResults_negativeDuration"/>
  <testcase time="0.002" name="testGetResults_invalidDuraction"/>
  <testcase time="0.004" name="testGetResults_validSubDuractionStreamTuples"/>
  <testcase time="0.004" name="testGetResults_validSubDuractionStreamWindows"/>
  <testcase time="0.003" name="testGetResultsFromIndex_negativeIndex"/>
  <testcase time="0.002" name="testGetResultsFromIndex_invalidIndex"/>
  <testcase time="0.004" name="testGetResultsFromIndex_zeroIndexStreamTuples"/>
  <testcase time="0.004" name="testGetResultsFromIndex_zeroIndexStreamWindows"/>
  <testcase time="0.005" name="testGetResultsFromIndex_streamTuples"/>
  <testcase time="0.003" name="testGetResultsFromIndex_streamWindows"/>
  <testcase time="0.001" name="testGetResultFromIndexSingleton"/>
  <testcase time="0.002" name="testGetResultsFromIndexCount_negativeIndex"/>
  <testcase time="0.002" name="testGetResultsFromIndexCount_invalidIndex"/>
  <testcase time="0.002" name="testGetResultsFromIndexCount_invalidCount"/>
  <testcase time="0.002" name="testGetResultsFromIndexCount_zeroCount"/>
  <testcase time="0.002" name="testGetResultsFromIndexCount_negativeCount"/>
  <testcase time="0.004" name="testGetResultsFromIndexCount_zeroIndexStreamTuples"/>
  <testcase time="0.004" name="testGetResultsFromIndexCount_zeroIndexStreamWindows"/>
  <testcase time="0.002" name="testGetResultsFromIndexCount_invalidCountIndex"/>
  <testcase time="0.003" name="testGetResultsFromIndexCountStreamTuples"/>
  <testcase time="0.002" name="testGetResultsFromIndexCountStreamWindows"/>
  <testcase time="0.003" name="testGetResultsFromIndexJustLargerCountStreamTuples"/>
  <testcase time="0.004" name="testGetResultsFromIndexFullCountStreamTuples"/>
  <testcase time="0.004" name="testGetResultsFromIndexFullCountStreamWindows"/>
  <testcase time="0.002" name="testGetResultsFromIndexDuration"/>
  <testcase time="0.002" name="testGetResultsFromTimestamp_invalidFutureTimestamp"/>
  <testcase time="0.002" name="testGetResultsFromTimestamp_invalidOldTimestamp"/>
  <testcase time="0.005" name="testGetResultsFromTimestamp_streamTuples"/>
  <testcase time="0.004" name="testGetResultsFromTimestamp_streamWindows"/>
  <testcase time="0.002" name="testGetResultsFromTimestampCount_invalidFutureTimestamp"/>
  <testcase time="0.002" name="testGetResultsFromTimestampCount_invalidOldTimestamp"/>
  <testcase time="0.002" name="testGetResultsFromTimestampCount_invalidCount"/>
  <testcase time="0.002" name="testGetResultsFromTimestampCount_negativeCount"/>
  <testcase time="0.003" name="testGetResultsFromTimestampCount_zeroCount"/>
  <testcase time="0.004" name="testGetResultsFromTimestampCount_streamTuples"/>
  <testcase time="0.005" name="testGetResultsFromTimestampCount_streamWindows"/>
  <testcase time="0.006" name="testGetResultsFromTimestampCount_fullSetStreamTuples"/>
  <testcase time="0.01" name="testGetResultsFromTimestampCount_fullSetStreamWindows"/>
  <testcase time="0.002" name="testGetResultsFromTimestampDuration_invalidFutureTimestamp"/>
  <testcase time="0.002" name="testGetResultsFromTimestampDuration_invalidOldTimestamp"/>
  <testcase time="0.002" name="testGetResultsFromTimestampDuration_zeroDuration"/>
  <testcase time="0.002" name="testGetResultsFromTimestampDuration_negativeDuration"/>
  <testcase time="0.002" name="testGetResultsFromTimestampDuration_invalidDuraction"/>
  <testcase time="0.004" name="testGetResultsFromTimestampDuration_validSubDuractionStreamTuples"/>
  <testcase time="0.01" name="testGetResultsFromTimestampDuration_validSubDuractionStreamWindows"/>
  <testcase time="0.008" name="testGetNewestResults_fullCountStreamTuples"/>
  <testcase time="0.004" name="testGetNewestResults_fullCountStreamWindows"/>
  <testcase time="0.002" name="testGetNewestResults_invalidCount"/>
  <testcase time="0.002" name="testGetNewestResults_zeroCount"/>
  <testcase time="0.002" name="testGetNewestResults_negativeCount"/>
  <testcase time="0.003" name="testGetNewestResults_countStreamTuples"/>
  <testcase time="0.003" name="testGetNewestResults_countStreamWindows"/>
  <testcase time="0.003" name="testGetNewestResults_zeroDuration"/>
  <testcase time="0.002" name="testGetNewestResults_negativeDuration"/>
  <testcase time="0.002" name="testGetNewestResults_invalidDuraction"/>
  <testcase time="0.004" name="testGetNewestResults_validSubDuractionStreamTuples"/>
  <testcase time="0.004" name="testGetNewestResults_validSubDuractionStreamWindows"/>
  <testcase time="0.003" name="testGetResults_EmptyResultset"/>
</testsuite>